<?xml version="1.0" encoding="UTF-8"?>
<testng-results ignored="0" total="2" passed="2" failed="0" skipped="0">
  <reporter-output>
  </reporter-output>
  <suite started-at="2024-07-29T09:59:41 UTC" name="Default suite" finished-at="2024-07-29T09:59:43 UTC" duration-ms="1988">
    <groups>
    </groups>
    <test started-at="2024-07-29T09:59:41 UTC" name="Default test" finished-at="2024-07-29T09:59:43 UTC" duration-ms="1988">
      <class name="sampletestmethods.RestAssuredDemo">
        <test-method signature="testcase2_BDD()[pri:0, instance:sampletestmethods.RestAssuredDemo@49b0b76]" started-at="2024-07-29T09:59:41 UTC" name="testcase2_BDD" finished-at="2024-07-29T09:59:42 UTC" duration-ms="1250" status="PASS">
          <reporter-output>
          </reporter-output>
        </test-method> <!-- testcase2_BDD -->
        <test-method signature="verifyStatusCode()[pri:0, instance:sampletestmethods.RestAssuredDemo@49b0b76]" started-at="2024-07-29T09:59:42 UTC" name="verifyStatusCode" finished-at="2024-07-29T09:59:43 UTC" duration-ms="704" status="PASS">
          <reporter-output>
          </reporter-output>
        </test-method> <!-- verifyStatusCode -->
      </class> <!-- sampletestmethods.RestAssuredDemo -->
    </test> <!-- Default test -->
  </suite> <!-- Default suite -->
</testng-results>
