<?xml version="1.0" encoding="UTF-8"?>
<!-- Generated by org.testng.reporters.JUnitXMLReporter -->
<testsuite ignored="5" hostname="vm-lab59-11-354" failures="0" tests="1" name="Default test" time="1.813" errors="0" timestamp="2024-08-04T08:24:46 UTC">
  <testcase classname="apitestcases.APiTests" name="testCase_01" time="1.574"/>
  <testcase classname="apitestcases.APiTests" name="testCase_02" time="0.0">
    <ignored/>
  </testcase> <!-- testCase_02 -->
  <testcase classname="apitestcases.APiTests" name="testcase_05" time="0.0">
    <ignored/>
  </testcase> <!-- testcase_05 -->
  <testcase classname="apitestcases.APiTests" name="testcase_03" time="0.0">
    <ignored/>
  </testcase> <!-- testcase_03 -->
  <testcase classname="apitestcases.APiTests" name="testcase_06" time="0.0">
    <ignored/>
  </testcase> <!-- testcase_06 -->
  <testcase classname="apitestcases.APiTests" name="testcase_04" time="0.0">
    <ignored/>
  </testcase> <!-- testcase_04 -->
</testsuite> <!-- Default test -->
